android/build/outputs/logs/manifest-merger-debug-report.txt
-- Merging decision tree log ---
manifest
ADDED from BunnySnakeTankMaze\android\AndroidManifest.xml:2:1-24:12
	package
		ADDED from BunnySnakeTankMaze\android\AndroidManifest.xml:3:11-59
		INJECTED from BunnySnakeTankMaze\android\AndroidManifest.xml
		INJECTED from BunnySnakeTankMaze\android\AndroidManifest.xml
	android:versionName
		INJECTED from BunnySnakeTankMaze\android\AndroidManifest.xml
		INJECTED from BunnySnakeTankMaze\android\AndroidManifest.xml
	xmlns:android
		ADDED from BunnySnakeTankMaze\android\AndroidManifest.xml:2:11-69
	android:versionCode
		INJECTED from BunnySnakeTankMaze\android\AndroidManifest.xml
		INJECTED from BunnySnakeTankMaze\android\AndroidManifest.xml
uses-sdk
ADDED from BunnySnakeTankMaze\android\AndroidManifest.xml:5:4-71
	android:targetSdkVersion
		ADDED from BunnySnakeTankMaze\android\AndroidManifest.xml:5:40-69
		INJECTED from BunnySnakeTankMaze\android\AndroidManifest.xml
		INJECTED from BunnySnakeTankMaze\android\AndroidManifest.xml
	android:minSdkVersion
		ADDED from BunnySnakeTankMaze\android\AndroidManifest.xml:5:14-39
		INJECTED from BunnySnakeTankMaze\android\AndroidManifest.xml
		INJECTED from BunnySnakeTankMaze\android\AndroidManifest.xml
application
ADDED from BunnySnakeTankMaze\android\AndroidManifest.xml:7:4-22:18
	android:label
		ADDED from BunnySnakeTankMaze\android\AndroidManifest.xml:10:12-44
	android:allowBackup
		ADDED from BunnySnakeTankMaze\android\AndroidManifest.xml:8:12-38
	android:icon
		ADDED from BunnySnakeTankMaze\android\AndroidManifest.xml:9:12-48
	android:theme
		ADDED from BunnySnakeTankMaze\android\AndroidManifest.xml:11:12-43
activity#com.agilewhisperers.bunnysnaketankmaze.AndroidLauncher
ADDED from BunnySnakeTankMaze\android\AndroidManifest.xml:12:7-21:18
	android:screenOrientation
		ADDED from BunnySnakeTankMaze\android\AndroidManifest.xml:15:15-52
	android:label
		ADDED from BunnySnakeTankMaze\android\AndroidManifest.xml:14:15-47
	android:configChanges
		ADDED from BunnySnakeTankMaze\android\AndroidManifest.xml:16:15-96
	android:name
		ADDED from BunnySnakeTankMaze\android\AndroidManifest.xml:13:15-84
intent-filter#android.intent.action.MAIN+android.intent.category.LAUNCHER
ADDED from BunnySnakeTankMaze\android\AndroidManifest.xml:17:10-20:26
action#android.intent.action.MAIN
ADDED from BunnySnakeTankMaze\android\AndroidManifest.xml:18:13-64
	android:name
		ADDED from BunnySnakeTankMaze\android\AndroidManifest.xml:18:21-62
category#android.intent.category.LAUNCHER
ADDED from BunnySnakeTankMaze\android\AndroidManifest.xml:19:13-72
	android:name
		ADDED from BunnySnakeTankMaze\android\AndroidManifest.xml:19:23-70